<?xml version="1.0" encoding="UTF-8"?>
<!-- Generated by org.testng.reporters.JUnitXMLReporter -->
<testsuite ignored="0" hostname="QQ.local" failures="1" tests="2" name="Run All Tests" time="11.505" errors="0" timestamp="2025-07-10T23:51:43 ICT">
  <testcase classname="tests.champion_league.page_detail.UICheck" name="checkPathTitle" time="4.496"/>
  <testcase classname="tests.champion_league.page_detail.UICheck" name="checkTeam1RelatedTicketsSection" time="3.908">
    <failure type="java.lang.AssertionError" message="Team 1 related tickets section title mismatch expected [More Paris Saint-Germain Matches] but found [MORE PARIS SAINT-GERMAIN MATCHES]">
      <![CDATA[java.lang.AssertionError: Team 1 related tickets section title mismatch expected [More Paris Saint-Germain Matches] but found [MORE PARIS SAINT-GERMAIN MATCHES]
at tests.champion_league.page_detail.UICheck.checkTeam1RelatedTicketsSection(UICheck.java:27)
at java.base/java.util.ArrayList.forEach(ArrayList.java:1596)
... Removed 34 stack frames]]>
    </failure>
  </testcase> <!-- checkTeam1RelatedTicketsSection -->
</testsuite> <!-- Run All Tests -->
